{"D:\\Coding\\ADV Missions\\Mission 1 - Turners APIs\\src\\app.ts": {"path":"D:\\Coding\\ADV Missions\\Mission 1 - Turners APIs\\src\\app.ts","statementMap":{"0":{"start":{"line":1,"column":0},"end":{"line":1,"column":62}},"1":{"start":{"line":2,"column":0},"end":{"line":2,"column":41}},"2":{"start":{"line":3,"column":0},"end":{"line":3,"column":45}},"3":{"start":{"line":4,"column":0},"end":{"line":4,"column":44}},"4":{"start":{"line":5,"column":21},"end":{"line":5,"column":30}},"5":{"start":{"line":8,"column":0},"end":{"line":8,"column":24}},"6":{"start":{"line":11,"column":0},"end":{"line":14,"column":null}},"7":{"start":{"line":12,"column":4},"end":{"line":12,"column":35}},"8":{"start":{"line":17,"column":0},"end":{"line":17,"column":26}},"9":{"start":{"line":18,"column":0},"end":{"line":18,"column":25}},"10":{"start":{"line":19,"column":0},"end":{"line":19,"column":26}},"11":{"start":{"line":21,"column":0},"end":{"line":21,"column":19}}},"fnMap":{"0":{"name":"(anonymous_1)","decl":{"start":{"line":11,"column":13},"end":{"line":11,"column":14}},"loc":{"start":{"line":11,"column":45},"end":{"line":14,"column":1}}}},"branchMap":{},"s":{"0":1,"1":1,"2":1,"3":1,"4":1,"5":1,"6":1,"7":0,"8":1,"9":1,"10":1,"11":1},"f":{"0":0},"b":{}}
,"D:\\Coding\\ADV Missions\\Mission 1 - Turners APIs\\src\\routes\\carvalue.ts": {"path":"D:\\Coding\\ADV Missions\\Mission 1 - Turners APIs\\src\\routes\\carvalue.ts","statementMap":{"0":{"start":{"line":1,"column":0},"end":{"line":1,"column":53}},"1":{"start":{"line":5,"column":28},"end":{"line":5,"column":44}},"2":{"start":{"line":8,"column":27},"end":{"line":8,"column":65}},"3":{"start":{"line":17,"column":0},"end":{"line":55,"column":3}},"4":{"start":{"line":19,"column":31},"end":{"line":19,"column":39}},"5":{"start":{"line":22,"column":2},"end":{"line":27,"column":null}},"6":{"start":{"line":23,"column":4},"end":{"line":23,"column":70}},"7":{"start":{"line":24,"column":9},"end":{"line":27,"column":null}},"8":{"start":{"line":26,"column":4},"end":{"line":26,"column":77}},"9":{"start":{"line":30,"column":30},"end":{"line":35,"column":6}},"10":{"start":{"line":34,"column":6},"end":{"line":34,"column":46}},"11":{"start":{"line":38,"column":31},"end":{"line":48,"column":47}},"12":{"start":{"line":40,"column":6},"end":{"line":46,"column":null}},"13":{"start":{"line":42,"column":8},"end":{"line":42,"column":44}},"14":{"start":{"line":45,"column":8},"end":{"line":45,"column":32}},"15":{"start":{"line":48,"column":38},"end":{"line":48,"column":43}},"16":{"start":{"line":51,"column":27},"end":{"line":51,"column":52}},"17":{"start":{"line":54,"column":2},"end":{"line":54,"column":25}},"18":{"start":{"line":58,"column":0},"end":{"line":58,"column":27}}},"fnMap":{"0":{"name":"(anonymous_1)","decl":{"start":{"line":17,"column":30},"end":{"line":17,"column":31}},"loc":{"start":{"line":17,"column":62},"end":{"line":55,"column":1}}},"1":{"name":"(anonymous_2)","decl":{"start":{"line":33,"column":12},"end":{"line":33,"column":13}},"loc":{"start":{"line":33,"column":31},"end":{"line":35,"column":5}}},"2":{"name":"(anonymous_3)","decl":{"start":{"line":39,"column":9},"end":{"line":39,"column":10}},"loc":{"start":{"line":39,"column":28},"end":{"line":47,"column":5}}},"3":{"name":"(anonymous_4)","decl":{"start":{"line":48,"column":12},"end":{"line":48,"column":13}},"loc":{"start":{"line":48,"column":38},"end":{"line":48,"column":43}}}},"branchMap":{"0":{"loc":{"start":{"line":22,"column":2},"end":{"line":27,"column":null}},"type":"if","locations":[{"start":{"line":22,"column":2},"end":{"line":27,"column":null}},{"start":{"line":24,"column":9},"end":{"line":27,"column":null}}]},"1":{"loc":{"start":{"line":22,"column":6},"end":{"line":22,"column":21}},"type":"binary-expr","locations":[{"start":{"line":22,"column":6},"end":{"line":22,"column":12}},{"start":{"line":22,"column":16},"end":{"line":22,"column":21}}]},"2":{"loc":{"start":{"line":24,"column":9},"end":{"line":27,"column":null}},"type":"if","locations":[{"start":{"line":24,"column":9},"end":{"line":27,"column":null}}]},"3":{"loc":{"start":{"line":34,"column":13},"end":{"line":34,"column":45}},"type":"binary-expr","locations":[{"start":{"line":34,"column":13},"end":{"line":34,"column":27}},{"start":{"line":34,"column":31},"end":{"line":34,"column":45}}]},"4":{"loc":{"start":{"line":40,"column":6},"end":{"line":46,"column":null}},"type":"if","locations":[{"start":{"line":40,"column":6},"end":{"line":46,"column":null}},{"start":{"line":43,"column":13},"end":{"line":46,"column":null}}]}},"s":{"0":1,"1":1,"2":1,"3":1,"4":7,"5":7,"6":1,"7":6,"8":2,"9":7,"10":27,"11":6,"12":25,"13":20,"14":5,"15":25,"16":6,"17":6,"18":1},"f":{"0":7,"1":27,"2":25,"3":25},"b":{"0":[1,6],"1":[7,6],"2":[2],"3":[27,26],"4":[20,5]}}
,"D:\\Coding\\ADV Missions\\Mission 1 - Turners APIs\\src\\routes\\quote.ts": {"path":"D:\\Coding\\ADV Missions\\Mission 1 - Turners APIs\\src\\routes\\quote.ts","statementMap":{"0":{"start":{"line":1,"column":0},"end":{"line":1,"column":53}},"1":{"start":{"line":5,"column":28},"end":{"line":5,"column":44}},"2":{"start":{"line":14,"column":0},"end":{"line":50,"column":3}},"3":{"start":{"line":16,"column":47},"end":{"line":16,"column":55}},"4":{"start":{"line":19,"column":25},"end":{"line":19,"column":53}},"5":{"start":{"line":20,"column":27},"end":{"line":20,"column":57}},"6":{"start":{"line":23,"column":2},"end":{"line":49,"column":null}},"7":{"start":{"line":30,"column":4},"end":{"line":33,"column":7}},"8":{"start":{"line":36,"column":33},"end":{"line":36,"column":74}},"9":{"start":{"line":39,"column":26},"end":{"line":39,"column":65}},"10":{"start":{"line":42,"column":34},"end":{"line":42,"column":52}},"11":{"start":{"line":45,"column":27},"end":{"line":45,"column":67}},"12":{"start":{"line":48,"column":4},"end":{"line":48,"column":48}},"13":{"start":{"line":53,"column":0},"end":{"line":53,"column":27}}},"fnMap":{"0":{"name":"(anonymous_1)","decl":{"start":{"line":14,"column":27},"end":{"line":14,"column":28}},"loc":{"start":{"line":14,"column":59},"end":{"line":50,"column":1}}}},"branchMap":{"0":{"loc":{"start":{"line":23,"column":2},"end":{"line":49,"column":null}},"type":"if","locations":[{"start":{"line":23,"column":2},"end":{"line":49,"column":null}},{"start":{"line":34,"column":9},"end":{"line":49,"column":null}}]},"1":{"loc":{"start":{"line":24,"column":4},"end":{"line":27,"column":24}},"type":"binary-expr","locations":[{"start":{"line":24,"column":4},"end":{"line":24,"column":25}},{"start":{"line":25,"column":4},"end":{"line":25,"column":27}},{"start":{"line":26,"column":4},"end":{"line":26,"column":24}},{"start":{"line":27,"column":4},"end":{"line":27,"column":24}}]}},"s":{"0":1,"1":1,"2":1,"3":6,"4":6,"5":6,"6":6,"7":4,"8":2,"9":2,"10":2,"11":2,"12":2,"13":1},"f":{"0":6},"b":{"0":[4,2],"1":[6,5,4,3]}}
,"D:\\Coding\\ADV Missions\\Mission 1 - Turners APIs\\src\\routes\\riskrating.ts": {"path":"D:\\Coding\\ADV Missions\\Mission 1 - Turners APIs\\src\\routes\\riskrating.ts","statementMap":{"0":{"start":{"line":1,"column":0},"end":{"line":1,"column":53}},"1":{"start":{"line":5,"column":27},"end":{"line":5,"column":43}},"2":{"start":{"line":8,"column":27},"end":{"line":8,"column":75}},"3":{"start":{"line":11,"column":0},"end":{"line":41,"column":3}},"4":{"start":{"line":13,"column":55},"end":{"line":13,"column":63}},"5":{"start":{"line":16,"column":40},"end":{"line":16,"column":77}},"6":{"start":{"line":19,"column":21},"end":{"line":19,"column":22}},"7":{"start":{"line":22,"column":4},"end":{"line":30,"column":7}},"8":{"start":{"line":23,"column":8},"end":{"line":29,"column":11}},"9":{"start":{"line":25,"column":12},"end":{"line":28,"column":null}},"10":{"start":{"line":27,"column":16},"end":{"line":27,"column":29}},"11":{"start":{"line":33,"column":4},"end":{"line":37,"column":null}},"12":{"start":{"line":34,"column":8},"end":{"line":34,"column":23}},"13":{"start":{"line":35,"column":11},"end":{"line":37,"column":null}},"14":{"start":{"line":36,"column":8},"end":{"line":36,"column":23}},"15":{"start":{"line":40,"column":4},"end":{"line":40,"column":41}},"16":{"start":{"line":44,"column":0},"end":{"line":44,"column":26}}},"fnMap":{"0":{"name":"(anonymous_1)","decl":{"start":{"line":11,"column":31},"end":{"line":11,"column":32}},"loc":{"start":{"line":11,"column":63},"end":{"line":41,"column":1}}},"1":{"name":"(anonymous_2)","decl":{"start":{"line":22,"column":21},"end":{"line":22,"column":22}},"loc":{"start":{"line":22,"column":30},"end":{"line":30,"column":5}}},"2":{"name":"(anonymous_3)","decl":{"start":{"line":23,"column":34},"end":{"line":23,"column":35}},"loc":{"start":{"line":23,"column":48},"end":{"line":29,"column":9}}}},"branchMap":{"0":{"loc":{"start":{"line":25,"column":12},"end":{"line":28,"column":null}},"type":"if","locations":[{"start":{"line":25,"column":12},"end":{"line":28,"column":null}}]},"1":{"loc":{"start":{"line":33,"column":4},"end":{"line":37,"column":null}},"type":"if","locations":[{"start":{"line":33,"column":4},"end":{"line":37,"column":null}},{"start":{"line":35,"column":11},"end":{"line":37,"column":null}}]},"2":{"loc":{"start":{"line":35,"column":11},"end":{"line":37,"column":null}},"type":"if","locations":[{"start":{"line":35,"column":11},"end":{"line":37,"column":null}}]}},"s":{"0":1,"1":1,"2":1,"3":1,"4":5,"5":5,"6":5,"7":5,"8":25,"9":450,"10":12,"11":5,"12":2,"13":3,"14":1,"15":5,"16":1},"f":{"0":5,"1":25,"2":450},"b":{"0":[12],"1":[2,3],"2":[1]}}
}
