TN:
SF:src\app.ts
FN:11,(anonymous_1)
FNF:1
FNH:0
FNDA:0,(anonymous_1)
DA:1,1
DA:2,1
DA:3,1
DA:4,1
DA:5,1
DA:8,1
DA:11,1
DA:12,0
DA:17,1
DA:18,1
DA:19,1
DA:21,1
LF:12
LH:11
BRF:0
BRH:0
end_of_record
TN:
SF:src\routes\carvalue.ts
FN:17,(anonymous_1)
FN:33,(anonymous_2)
FN:39,(anonymous_3)
FN:48,(anonymous_4)
FNF:4
FNH:4
FNDA:7,(anonymous_1)
FNDA:27,(anonymous_2)
FNDA:25,(anonymous_3)
FNDA:25,(anonymous_4)
DA:1,1
DA:5,1
DA:8,1
DA:17,1
DA:19,7
DA:22,7
DA:23,1
DA:24,6
DA:26,2
DA:30,7
DA:34,27
DA:38,6
DA:40,25
DA:42,20
DA:45,5
DA:48,25
DA:51,6
DA:54,6
DA:58,1
LF:19
LH:19
BRDA:22,0,0,1
BRDA:22,0,1,6
BRDA:22,1,0,7
BRDA:22,1,1,6
BRDA:24,2,0,2
BRDA:34,3,0,27
BRDA:34,3,1,26
BRDA:40,4,0,20
BRDA:40,4,1,5
BRF:9
BRH:9
end_of_record
TN:
SF:src\routes\quote.ts
FN:14,(anonymous_1)
FNF:1
FNH:1
FNDA:6,(anonymous_1)
DA:1,1
DA:5,1
DA:14,1
DA:16,6
DA:19,6
DA:20,6
DA:23,6
DA:30,4
DA:36,2
DA:39,2
DA:42,2
DA:45,2
DA:48,2
DA:53,1
LF:14
LH:14
BRDA:23,0,0,4
BRDA:23,0,1,2
BRDA:24,1,0,6
BRDA:24,1,1,5
BRDA:24,1,2,4
BRDA:24,1,3,3
BRF:6
BRH:6
end_of_record
TN:
SF:src\routes\riskrating.ts
FN:11,(anonymous_1)
FN:22,(anonymous_2)
FN:23,(anonymous_3)
FNF:3
FNH:3
FNDA:5,(anonymous_1)
FNDA:25,(anonymous_2)
FNDA:450,(anonymous_3)
DA:1,1
DA:5,1
DA:8,1
DA:11,1
DA:13,5
DA:16,5
DA:19,5
DA:22,5
DA:23,25
DA:25,450
DA:27,12
DA:33,5
DA:34,2
DA:35,3
DA:36,1
DA:40,5
DA:44,1
LF:17
LH:17
BRDA:25,0,0,12
BRDA:33,1,0,2
BRDA:33,1,1,3
BRDA:35,2,0,1
BRF:4
BRH:4
end_of_record
